[spectr-html.weblionmedia.net/index.html]
[backblue.gif]
[fade.gif]
[index.html]
[s3.amazonaws.com/weblionmedia-spectr/img/favicon/apple-icon-57x57.png]
[s3.amazonaws.com/weblionmedia-spectr/img/favicon/apple-icon-60x60.png]
[s3.amazonaws.com/weblionmedia-spectr/img/favicon/apple-icon-72x72.png]
[s3.amazonaws.com/weblionmedia-spectr/img/favicon/apple-icon-76x76.png]
[s3.amazonaws.com/weblionmedia-spectr/img/favicon/apple-icon-114x114.png]
[s3.amazonaws.com/weblionmedia-spectr/img/favicon/apple-icon-120x120.png]
[s3.amazonaws.com/weblionmedia-spectr/img/favicon/apple-icon-144x144.png]
[s3.amazonaws.com/weblionmedia-spectr/img/favicon/apple-icon-152x152.png]
[s3.amazonaws.com/weblionmedia-spectr/img/favicon/apple-icon-180x180.png]
[s3.amazonaws.com/weblionmedia-spectr/img/favicon/android-icon-192x192.png]
[s3.amazonaws.com/weblionmedia-spectr/img/favicon/favicon-32x32.png]
[s3.amazonaws.com/weblionmedia-spectr/img/favicon/favicon-96x96.png]
[s3.amazonaws.com/weblionmedia-spectr/img/favicon/favicon-16x16.png]
[spectr-html.weblionmedia.net/img/favicon/ms-icon-144x144.png]
[spectr-html.weblionmedia.net/css/font-awesome.css]
[spectr-html.weblionmedia.net/css/linecons.css]
[spectr-html.weblionmedia.net/css/fontello.css]
[spectr-html.weblionmedia.net/css/jquery-ui.css]
[spectr-html.weblionmedia.net/css/jquery-ui.structure.css]
[spectr-html.weblionmedia.net/vendor/animate.css/animate.css]
[spectr-html.weblionmedia.net/vendor/owl-carousel/owl-carousel/owl.carousel.css]
[spectr-html.weblionmedia.net/vendor/owl-carousel/owl-carousel/owl.transitions.css]
[spectr-html.weblionmedia.net/vendor/slick-carousel/slick/slick.css]
[spectr-html.weblionmedia.net/vendor/Swiper/dist/css/swiper.css]
[spectr-html.weblionmedia.net/vendor/magnific-popup/dist/magnific-popup.css]
[spectr-html.weblionmedia.net/css/main.css]
[spectr-html.weblionmedia.net/home_style_five.html]
[spectr-html.weblionmedia.net/index-2.html]
[spectr-html.weblionmedia.net/home_style_two.html]
[spectr-html.weblionmedia.net/home_style_three.html]
[spectr-html.weblionmedia.net/home_style_four.html]
[spectr-html.weblionmedia.net/home_style_six.html]
[spectr-html.weblionmedia.net/category_style_one.html]
[spectr-html.weblionmedia.net/category_style_two.html]
[spectr-html.weblionmedia.net/category_style_three.html]
[spectr-html.weblionmedia.net/category_style_four.html]
[spectr-html.weblionmedia.net/category_style_five.html]
[spectr-html.weblionmedia.net/category_style_six.html]
[spectr-html.weblionmedia.net/post_template_one.html]
[spectr-html.weblionmedia.net/post_template_two.html]
[spectr-html.weblionmedia.net/post_template_three.html]
[spectr-html.weblionmedia.net/post_template_four.html]
[spectr-html.weblionmedia.net/post_template_five.html]
[spectr-html.weblionmedia.net/post_template_six.html]
[spectr-html.weblionmedia.net/post_template_seven.html]
[spectr-html.weblionmedia.net/post_template_eight.html]
[spectr-html.weblionmedia.net/post_template_nine.html]
[spectr-html.weblionmedia.net/author.html]
[spectr-html.weblionmedia.net/the_team.html]
[spectr-html.weblionmedia.net/the_team_without_sidebar.html]
[spectr-html.weblionmedia.net/contact_page_style_1.html]
[spectr-html.weblionmedia.net/contact_page_style_2.html]
[spectr-html.weblionmedia.net/search_results.html]
[spectr-html.weblionmedia.net/404.html]
[spectr-html.weblionmedia.net/tags.html]
[spectr-html.weblionmedia.net/typography.html]
[spectr-html.weblionmedia.net/shortcodes.html]
[s3.amazonaws.com/weblionmedia-spectr/img/203x136/1.jpg]
[s3.amazonaws.com/weblionmedia-spectr/img/203x136/2.jpg]
[s3.amazonaws.com/weblionmedia-spectr/img/203x136/3.jpg]
[s3.amazonaws.com/weblionmedia-spectr/img/203x136/4.jpg]
[spectr-html.weblionmedia.net/video.html]
[spectr-html.weblionmedia.net/review_percent_style.html]
[spectr-html.weblionmedia.net/reviews_point_style.html]
[spectr-html.weblionmedia.net/reviews_stars_style.html]
[spectr-html.weblionmedia.net/products.html]
[spectr-html.weblionmedia.net/product.html]
[spectr-html.weblionmedia.net/cart.html]
[spectr-html.weblionmedia.net/checkout.html]
[s3.amazonaws.com/weblionmedia-spectr/img/mh-banner.jpg]
[s3.amazonaws.com/weblionmedia-spectr/img/760x471/1.jpg]
[s3.amazonaws.com/weblionmedia-spectr/img/760x471/2.jpg]
[s3.amazonaws.com/weblionmedia-spectr/img/760x471/3.jpg]
[s3.amazonaws.com/weblionmedia-spectr/img/126x98/1.jpg]
[s3.amazonaws.com/weblionmedia-spectr/img/126x98/2.jpg]
[s3.amazonaws.com/weblionmedia-spectr/img/126x98/3.jpg]
[s3.amazonaws.com/weblionmedia-spectr/img/380x258/1.jpg]
[s3.amazonaws.com/weblionmedia-spectr/img/380x258/2.jpg]
[s3.amazonaws.com/weblionmedia-spectr/img/380x258/3.jpg]
[s3.amazonaws.com/weblionmedia-spectr/img/260x186/1.jpg]
[s3.amazonaws.com/weblionmedia-spectr/img/260x186/2.jpg]
[s3.amazonaws.com/weblionmedia-spectr/img/260x186/3.jpg]
[s3.amazonaws.com/weblionmedia-spectr/img/260x186/4.jpg]
[s3.amazonaws.com/weblionmedia-spectr/img/345x242/1.jpg]
[s3.amazonaws.com/weblionmedia-spectr/img/115x85/1.jpg]
[s3.amazonaws.com/weblionmedia-spectr/img/115x85/2.jpg]
[s3.amazonaws.com/weblionmedia-spectr/img/115x85/3.jpg]
[s3.amazonaws.com/weblionmedia-spectr/img/115x85/4.jpg]
[s3.amazonaws.com/weblionmedia-spectr/img/345x242/2.jpg]
[s3.amazonaws.com/weblionmedia-spectr/img/345x242/3.jpg]
[s3.amazonaws.com/weblionmedia-spectr/img/115x85/5.jpg]
[s3.amazonaws.com/weblionmedia-spectr/img/115x85/6.jpg]
[s3.amazonaws.com/weblionmedia-spectr/img/115x85/7.jpg]
[s3.amazonaws.com/weblionmedia-spectr/img/115x85/8.jpg]
[s3.amazonaws.com/weblionmedia-spectr/img/224x150/1.jpg]
[s3.amazonaws.com/weblionmedia-spectr/img/224x150/2.jpg]
[s3.amazonaws.com/weblionmedia-spectr/img/224x150/3.jpg]
[s3.amazonaws.com/weblionmedia-spectr/img/sb-banner-img.jpg]
[s3.amazonaws.com/weblionmedia-spectr/img/115x85/9.jpg]
[s3.amazonaws.com/weblionmedia-spectr/img/115x85/10.jpg]
[s3.amazonaws.com/weblionmedia-spectr/img/115x85/11.jpg]
[s3.amazonaws.com/weblionmedia-spectr/img/360x231/1.jpg]
[s3.amazonaws.com/weblionmedia-spectr/img/360x231/2.jpg]
[s3.amazonaws.com/weblionmedia-spectr/img/360x231/3.jpg]
[s3.amazonaws.com/weblionmedia-spectr/img/570x430/1.jpg]
[s3.amazonaws.com/weblionmedia-spectr/img/285x215/1.jpg]
[s3.amazonaws.com/weblionmedia-spectr/img/285x215/2.jpg]
[s3.amazonaws.com/weblionmedia-spectr/img/285x215/3.jpg]
[s3.amazonaws.com/weblionmedia-spectr/img/285x215/4.jpg]
[s3.amazonaws.com/weblionmedia-spectr/img/68x80/1.jpg]
[s3.amazonaws.com/weblionmedia-spectr/img/68x80/2.jpg]
[s3.amazonaws.com/weblionmedia-spectr/img/345x242/4.jpg]
[s3.amazonaws.com/weblionmedia-spectr/img/345x242/5.jpg]
[s3.amazonaws.com/weblionmedia-spectr/img/345x242/6.jpg]
[s3.amazonaws.com/weblionmedia-spectr/img/345x242/7.jpg]
[s3.amazonaws.com/weblionmedia-spectr/img/345x242/8.jpg]
[s3.amazonaws.com/weblionmedia-spectr/img/345x242/9.jpg]
[s3.amazonaws.com/weblionmedia-spectr/img/345x242/10.jpg]
[s3.amazonaws.com/weblionmedia-spectr/img/345x242/11.jpg]
[s3.amazonaws.com/weblionmedia-spectr/img/360x245/1.jpg]
[s3.amazonaws.com/weblionmedia-spectr/img/115x85/12.jpg]
[s3.amazonaws.com/weblionmedia-spectr/img/115x85/13.jpg]
[s3.amazonaws.com/weblionmedia-spectr/img/115x85/14.jpg]
[s3.amazonaws.com/weblionmedia-spectr/img/115x85/15.jpg]
[s3.amazonaws.com/weblionmedia-spectr/img/115x85/16.jpg]
[s3.amazonaws.com/weblionmedia-spectr/img/68x68/1.jpg]
[s3.amazonaws.com/weblionmedia-spectr/img/68x68/2.jpg]
[s3.amazonaws.com/weblionmedia-spectr/img/68x68/3.jpg]
[s3.amazonaws.com/weblionmedia-spectr/img/68x68/4.jpg]
[s3.amazonaws.com/weblionmedia-spectr/img/68x68/5.jpg]
[spectr-html.weblionmedia.net/vendor/waypoints/lib/jquery.waypoints.js]
[spectr-html.weblionmedia.net/vendor/superfish/dist/js/superfish.js]
[spectr-html.weblionmedia.net/vendor/imagesloaded/imagesloaded.pkgd.js]
[spectr-html.weblionmedia.net/js/jquery-ui.js]
[spectr-html.weblionmedia.net/vendor/magnific-popup/dist/jquery.magnific-popup.js]
[spectr-html.weblionmedia.net/vendor/jquery/dist/jquery.js]
[spectr-html.weblionmedia.net/vendor/owl-carousel/owl-carousel/owl.carousel.js]
[spectr-html.weblionmedia.net/vendor/sticky-kit/jquery.sticky-kit.js]
[spectr-html.weblionmedia.net/vendor/slick-carousel/slick/slick.js]
[spectr-html.weblionmedia.net/index.html]
[spectr-html.weblionmedia.net/js/main.js]
[spectr-html.weblionmedia.net/fonts/fontawesome-webfont93e3.eot]
[spectr-html.weblionmedia.net/fonts/fontawesome-webfontd41d.eot]
[spectr-html.weblionmedia.net/vendor/Swiper/dist/js/swiper.jquery.js]
[spectr-html.weblionmedia.net/fonts/fontawesome-webfont93e3.woff]
[spectr-html.weblionmedia.net/css/font-awesome.css]
[spectr-html.weblionmedia.net/fonts/linecons.eot]
[spectr-html.weblionmedia.net/css/linecons.css]
[spectr-html.weblionmedia.net/fonts/fontellodfbc.eot]
[spectr-html.weblionmedia.net/fonts/fontellodfbc.woff]
[spectr-html.weblionmedia.net/css/fontello.css]
[spectr-html.weblionmedia.net/css/jquery-ui.css]
[spectr-html.weblionmedia.net/css/jquery-ui.structure.css]
[spectr-html.weblionmedia.net/vendor/animate.css/animate.css]
[spectr-html.weblionmedia.net/vendor/owl-carousel/owl-carousel/grabbing.png]
[spectr-html.weblionmedia.net/vendor/owl-carousel/owl-carousel/owl.carousel.css]
[spectr-html.weblionmedia.net/vendor/owl-carousel/owl-carousel/owl.transitions.css]
[spectr-html.weblionmedia.net/vendor/slick-carousel/slick/slick.css]
[spectr-html.weblionmedia.net/vendor/Swiper/dist/css/swiper.css]
[spectr-html.weblionmedia.net/vendor/magnific-popup/dist/magnific-popup.css]
[spectr-html.weblionmedia.net/fonts/poppins/poppins-v1-latin-300.eot]
[spectr-html.weblionmedia.net/fonts/poppins/poppins-v1-latin-300d41d.eot]
[spectr-html.weblionmedia.net/fonts/poppins/poppins-v1-latin-300.woff]
[spectr-html.weblionmedia.net/fonts/poppins/poppins-v1-latin-regular.eot]
[spectr-html.weblionmedia.net/fonts/poppins/poppins-v1-latin-regulard41d.eot]
[spectr-html.weblionmedia.net/fonts/poppins/poppins-v1-latin-regular.woff]
[spectr-html.weblionmedia.net/fonts/poppins/poppins-v1-latin-500.eot]
[spectr-html.weblionmedia.net/fonts/poppins/poppins-v1-latin-500d41d.eot]
[spectr-html.weblionmedia.net/fonts/poppins/poppins-v1-latin-500.woff]
[spectr-html.weblionmedia.net/fonts/poppins/poppins-v1-latin-600.eot]
[spectr-html.weblionmedia.net/fonts/poppins/poppins-v1-latin-600d41d.eot]
[spectr-html.weblionmedia.net/fonts/poppins/poppins-v1-latin-600.woff]
[spectr-html.weblionmedia.net/fonts/poppins/poppins-v1-latin-700.eot]
[spectr-html.weblionmedia.net/fonts/poppins/poppins-v1-latin-700d41d.eot]
[spectr-html.weblionmedia.net/fonts/poppins/poppins-v1-latin-700.woff]
[spectr-html.weblionmedia.net/img/sprite-retina.png]
[spectr-html.weblionmedia.net/img/sprite-retina@2x.png]
[spectr-html.weblionmedia.net/img/sprite.png]
[spectr-html.weblionmedia.net/css/main.css]
[spectr-html.weblionmedia.net/index-2.html]
[s3.amazonaws.com/weblionmedia-spectr/img/570x511/1.jpg]
[s3.amazonaws.com/weblionmedia-spectr/img/285x255/1.jpg]
[s3.amazonaws.com/weblionmedia-spectr/img/tb-user-img.jpg]
[s3.amazonaws.com/weblionmedia-spectr/img/285x224/1.jpg]
[s3.amazonaws.com/weblionmedia-spectr/img/285x224/2.jpg]
[s3.amazonaws.com/weblionmedia-spectr/img/285x224/3.jpg]
[s3.amazonaws.com/weblionmedia-spectr/img/285x224/4.jpg]
[s3.amazonaws.com/weblionmedia-spectr/img/banner.jpg]
[s3.amazonaws.com/weblionmedia-spectr/img/223x156/4.jpg]
[s3.amazonaws.com/weblionmedia-spectr/img/223x156/5.jpg]
[s3.amazonaws.com/weblionmedia-spectr/img/223x156/6.jpg]
[s3.amazonaws.com/weblionmedia-spectr/img/223x156/7.jpg]
[s3.amazonaws.com/weblionmedia-spectr/img/223x156/8.jpg]
[s3.amazonaws.com/weblionmedia-spectr/img/223x156/9.jpg]
[s3.amazonaws.com/weblionmedia-spectr/img/223x156/10.jpg]
[spectr-html.weblionmedia.net/home_style_five.html]
[s3.amazonaws.com/weblionmedia-spectr/img/376x430/1.jpg]
[s3.amazonaws.com/weblionmedia-spectr/img/376x430/2.jpg]
[s3.amazonaws.com/weblionmedia-spectr/img/376x430/3.jpg]
[s3.amazonaws.com/weblionmedia-spectr/img/223x156/1.jpg]
[s3.amazonaws.com/weblionmedia-spectr/img/223x156/2.jpg]
[s3.amazonaws.com/weblionmedia-spectr/img/223x156/3.jpg]
[s3.amazonaws.com/weblionmedia-spectr/img/376x258/1.jpg]
[s3.amazonaws.com/weblionmedia-spectr/img/376x258/2.jpg]
[s3.amazonaws.com/weblionmedia-spectr/img/376x258/3.jpg]
[s3.amazonaws.com/weblionmedia-spectr/img/224x150/4.jpg]
[s3.amazonaws.com/weblionmedia-spectr/img/224x150/5.jpg]
[s3.amazonaws.com/weblionmedia-spectr/img/224x150/6.jpg]
[s3.amazonaws.com/weblionmedia-spectr/img/709x366/1.jpg]
[spectr-html.weblionmedia.net/home_style_two.html]
[s3.amazonaws.com/weblionmedia-spectr/img/568x500/1.jpg]
[s3.amazonaws.com/weblionmedia-spectr/img/282x500/1.jpg]
[s3.amazonaws.com/weblionmedia-spectr/img/282x248/2.jpg]
[s3.amazonaws.com/weblionmedia-spectr/img/282x248/1.jpg]
[s3.amazonaws.com/weblionmedia-spectr/img/352x242/1.jpg]
[s3.amazonaws.com/weblionmedia-spectr/img/352x242/2.jpg]
[s3.amazonaws.com/weblionmedia-spectr/img/352x242/3.jpg]
[spectr-html.weblionmedia.net/home_style_three.html]
[s3.amazonaws.com/weblionmedia-spectr/img/1140x511/1.jpg]
[s3.amazonaws.com/weblionmedia-spectr/img/1140x511/2.jpg]
[spectr-html.weblionmedia.net/home_style_four.html]
[s3.amazonaws.com/weblionmedia-spectr/img/285x255/2.jpg]
[s3.amazonaws.com/weblionmedia-spectr/img/190x133/1.jpg]
[s3.amazonaws.com/weblionmedia-spectr/img/190x133/2.jpg]
[s3.amazonaws.com/weblionmedia-spectr/img/190x133/3.jpg]
[s3.amazonaws.com/weblionmedia-spectr/img/190x133/4.jpg]
[s3.amazonaws.com/weblionmedia-spectr/img/190x133/5.jpg]
[s3.amazonaws.com/weblionmedia-spectr/img/190x133/6.jpg]
[s3.amazonaws.com/weblionmedia-spectr/img/190x133/7.jpg]
[s3.amazonaws.com/weblionmedia-spectr/img/190x133/8.jpg]
[s3.amazonaws.com/weblionmedia-spectr/img/255x164/1.jpg]
[s3.amazonaws.com/weblionmedia-spectr/img/255x164/2.jpg]
[s3.amazonaws.com/weblionmedia-spectr/img/190x133/9.jpg]
[s3.amazonaws.com/weblionmedia-spectr/img/190x133/10.jpg]
[s3.amazonaws.com/weblionmedia-spectr/img/190x133/11.jpg]
[s3.amazonaws.com/weblionmedia-spectr/img/190x133/12.jpg]
[s3.amazonaws.com/weblionmedia-spectr/img/280x164/1.jpg]
[s3.amazonaws.com/weblionmedia-spectr/img/280x164/2.jpg]
[s3.amazonaws.com/weblionmedia-spectr/img/280x164/3.jpg]
[s3.amazonaws.com/weblionmedia-spectr/img/280x164/4.jpg]
[s3.amazonaws.com/weblionmedia-spectr/img/280x164/5.jpg]
[s3.amazonaws.com/weblionmedia-spectr/img/280x164/6.jpg]
[s3.amazonaws.com/weblionmedia-spectr/img/280x164/7.jpg]
[s3.amazonaws.com/weblionmedia-spectr/img/280x164/8.jpg]
[s3.amazonaws.com/weblionmedia-spectr/img/230x164/1.jpg]
[s3.amazonaws.com/weblionmedia-spectr/img/230x164/2.jpg]
[s3.amazonaws.com/weblionmedia-spectr/img/230x164/3.jpg]
[s3.amazonaws.com/weblionmedia-spectr/img/230x164/4.jpg]
[s3.amazonaws.com/weblionmedia-spectr/img/230x164/5.jpg]
[spectr-html.weblionmedia.net/home_style_six.html]
[s3.amazonaws.com/weblionmedia-spectr/img/282x500/2.jpg]
[s3.amazonaws.com/weblionmedia-spectr/img/282x248/3.jpg]
[s3.amazonaws.com/weblionmedia-spectr/img/345x242/13.jpg]
[s3.amazonaws.com/weblionmedia-spectr/img/345x242/15.jpg]
[s3.amazonaws.com/weblionmedia-spectr/img/345x242/16.jpg]
[s3.amazonaws.com/weblionmedia-spectr/img/345x242/17.jpg]
[s3.amazonaws.com/weblionmedia-spectr/img/345x242/18.jpg]
[spectr-html.weblionmedia.net/category_style_one.html]
[s3.amazonaws.com/weblionmedia-spectr/img/568x500/2.jpg]
[s3.amazonaws.com/weblionmedia-spectr/img/282x248/5.jpg]
[s3.amazonaws.com/weblionmedia-spectr/img/282x248/7.jpg]
[s3.amazonaws.com/weblionmedia-spectr/img/282x248/6.jpg]
[s3.amazonaws.com/weblionmedia-spectr/img/282x248/4.jpg]
[s3.amazonaws.com/weblionmedia-spectr/img/223x156/11.jpg]
[s3.amazonaws.com/weblionmedia-spectr/img/223x156/12.jpg]
[spectr-html.weblionmedia.net/category_style_two.html]
[s3.amazonaws.com/weblionmedia-spectr/img/568x500/3.jpg]
[s3.amazonaws.com/weblionmedia-spectr/img/568x248/1.jpg]
[s3.amazonaws.com/weblionmedia-spectr/img/282x248/8.jpg]
[s3.amazonaws.com/weblionmedia-spectr/img/282x248/9.jpg]
[s3.amazonaws.com/weblionmedia-spectr/img/345x242/21.jpg]
[s3.amazonaws.com/weblionmedia-spectr/img/345x242/19.jpg]
[s3.amazonaws.com/weblionmedia-spectr/img/345x242/20.jpg]
[spectr-html.weblionmedia.net/category_style_three.html]
[s3.amazonaws.com/weblionmedia-spectr/img/567x393/1.jpg]
[s3.amazonaws.com/weblionmedia-spectr/img/567x393/2.jpg]
[s3.amazonaws.com/weblionmedia-spectr/img/270x189/1.jpg]
[s3.amazonaws.com/weblionmedia-spectr/img/270x189/2.jpg]
[s3.amazonaws.com/weblionmedia-spectr/img/270x189/3.jpg]
[s3.amazonaws.com/weblionmedia-spectr/img/270x189/4.jpg]
[s3.amazonaws.com/weblionmedia-spectr/img/270x189/5.jpg]
[s3.amazonaws.com/weblionmedia-spectr/img/270x189/6.jpg]
[s3.amazonaws.com/weblionmedia-spectr/img/270x189/7.jpg]
[s3.amazonaws.com/weblionmedia-spectr/img/270x189/8.jpg]
[spectr-html.weblionmedia.net/category_style_four.html]
[s3.amazonaws.com/weblionmedia-spectr/img/710x366/1.jpg]
[s3.amazonaws.com/weblionmedia-spectr/img/710x366/2.jpg]
[s3.amazonaws.com/weblionmedia-spectr/img/710x366/3.jpg]
[s3.amazonaws.com/weblionmedia-spectr/img/710x366/4.jpg]
[s3.amazonaws.com/weblionmedia-spectr/img/710x366/5.jpg]
[spectr-html.weblionmedia.net/category_style_five.html]
[s3.amazonaws.com/weblionmedia-spectr/img/1140x535/1.jpg]
[s3.amazonaws.com/weblionmedia-spectr/img/1140x535/2.jpg]
[s3.amazonaws.com/weblionmedia-spectr/img/1140x535/3.jpg]
[s3.amazonaws.com/weblionmedia-spectr/img/273x206/1.jpg]
[s3.amazonaws.com/weblionmedia-spectr/img/273x206/2.jpg]
[s3.amazonaws.com/weblionmedia-spectr/img/273x206/3.jpg]
[s3.amazonaws.com/weblionmedia-spectr/img/273x206/4.jpg]
[s3.amazonaws.com/weblionmedia-spectr/img/273x206/5.jpg]
[s3.amazonaws.com/weblionmedia-spectr/img/273x206/6.jpg]
[s3.amazonaws.com/weblionmedia-spectr/img/273x206/7.jpg]
[spectr-html.weblionmedia.net/category_style_six.html]
[s3.amazonaws.com/weblionmedia-spectr/img/1140x535/4.jpg]
[s3.amazonaws.com/weblionmedia-spectr/img/author-img.png]
[s3.amazonaws.com/weblionmedia-spectr/img/702x371/1.jpg]
[s3.amazonaws.com/weblionmedia-spectr/img/230x168/1.jpg]
[s3.amazonaws.com/weblionmedia-spectr/img/230x168/2.jpg]
[s3.amazonaws.com/weblionmedia-spectr/img/230x168/3.jpg]
[s3.amazonaws.com/weblionmedia-spectr/img/author-photo.png]
[s3.amazonaws.com/weblionmedia-spectr/img/222x150/1.jpg]
[s3.amazonaws.com/weblionmedia-spectr/img/222x150/2.jpg]
[s3.amazonaws.com/weblionmedia-spectr/img/222x150/3.jpg]
[s3.amazonaws.com/weblionmedia-spectr/img/comment-photo.png]
[spectr-html.weblionmedia.net/post_template_one.html]
[s3.amazonaws.com/weblionmedia-spectr/img/750x442/1.jpg]
[s3.amazonaws.com/weblionmedia-spectr/img/702x384/1.jpg]
[s3.amazonaws.com/weblionmedia-spectr/img/300x362/1.jpg]
[s3.amazonaws.com/weblionmedia-spectr/img/702x384/2.jpg]
[spectr-html.weblionmedia.net/post_template_two.html]
[s3.amazonaws.com/weblionmedia-spectr/img/1862x947/1.jpg]
[s3.amazonaws.com/weblionmedia-spectr/img/702x371/2.jpg]
[spectr-html.weblionmedia.net/post_template_three.html]
[s3.amazonaws.com/weblionmedia-spectr/img/750x582/1.jpg]
[s3.amazonaws.com/weblionmedia-spectr/img/750x384/1.jpg]
[s3.amazonaws.com/weblionmedia-spectr/img/750x384/2.jpg]
[s3.amazonaws.com/weblionmedia-spectr/img/750x384/3.jpg]
[s3.amazonaws.com/weblionmedia-spectr/img/750x420/1.jpg]
[spectr-html.weblionmedia.net/post_template_four.html]
[s3.amazonaws.com/weblionmedia-spectr/img/750x384/4.jpg]
[s3.amazonaws.com/weblionmedia-spectr/img/750x384/5.jpg]
[s3.amazonaws.com/weblionmedia-spectr/img/750x384/6.jpg]
[spectr-html.weblionmedia.net/post_template_five.html]
[s3.amazonaws.com/weblionmedia-spectr/img/750x442/2.jpg]
[spectr-html.weblionmedia.net/post_template_six.html]
[spectr-html.weblionmedia.net/post_template_seven.html]
[spectr-html.weblionmedia.net/post_template_eight.html]
[s3.amazonaws.com/weblionmedia-spectr/img/1862x947/2.jpg]
[s3.amazonaws.com/weblionmedia-spectr/img/1140x565/1.jpg]
[s3.amazonaws.com/weblionmedia-spectr/img/1140x565/2.jpg]
[s3.amazonaws.com/weblionmedia-spectr/img/729x557/1.jpg]
[s3.amazonaws.com/weblionmedia-spectr/img/406x276/1.jpg]
[s3.amazonaws.com/weblionmedia-spectr/img/406x276/2.jpg]
[s3.amazonaws.com/weblionmedia-spectr/img/255x173/1.jpg]
[s3.amazonaws.com/weblionmedia-spectr/img/255x173/2.jpg]
[s3.amazonaws.com/weblionmedia-spectr/img/255x173/3.jpg]
[s3.amazonaws.com/weblionmedia-spectr/img/255x173/4.jpg]
[spectr-html.weblionmedia.net/post_template_nine.html]
[s3.amazonaws.com/weblionmedia-spectr/img/author-photo-lg.png]
[s3.amazonaws.com/weblionmedia-spectr/img/360x245/3.jpg]
[spectr-html.weblionmedia.net/author.html]
[s3.amazonaws.com/weblionmedia-spectr/img/team/team-author-1.png]
[s3.amazonaws.com/weblionmedia-spectr/img/team/team-author-2.png]
[s3.amazonaws.com/weblionmedia-spectr/img/team/team-author-3.png]
[s3.amazonaws.com/weblionmedia-spectr/img/team/team-author-4.png]
[s3.amazonaws.com/weblionmedia-spectr/img/team/team-author-5.png]
[s3.amazonaws.com/weblionmedia-spectr/img/team/team-author-6.png]
[spectr-html.weblionmedia.net/the_team.html]
[spectr-html.weblionmedia.net/the_team_without_sidebar.html]
[s3.amazonaws.com/weblionmedia-spectr/img/750x438/1.jpg]
[spectr-html.weblionmedia.net/js/validator.min.js]
[spectr-html.weblionmedia.net/js/form-scripts.js]
[spectr-html.weblionmedia.net/contact_page_style_1.html]
[spectr-html.weblionmedia.net/contact_page_style_2.html]
[spectr-html.weblionmedia.net/search_results.html]
[spectr-html.weblionmedia.net/404.html]
[spectr-html.weblionmedia.net/tags.html]
[spectr-html.weblionmedia.net/typography.html]
[s3.amazonaws.com/weblionmedia-spectr/img/gallery/1.jpg]
[s3.amazonaws.com/weblionmedia-spectr/img/230x168/4.jpg]
[s3.amazonaws.com/weblionmedia-spectr/img/gallery/2.jpg]
[s3.amazonaws.com/weblionmedia-spectr/img/230x168/5.jpg]
[s3.amazonaws.com/weblionmedia-spectr/img/gallery/3.jpg]
[s3.amazonaws.com/weblionmedia-spectr/img/230x168/6.jpg]
[s3.amazonaws.com/weblionmedia-spectr/img/gallery/4.jpg]
[s3.amazonaws.com/weblionmedia-spectr/img/230x168/7.jpg]
[s3.amazonaws.com/weblionmedia-spectr/img/gallery/5.jpg]
[s3.amazonaws.com/weblionmedia-spectr/img/230x168/8.jpg]
[s3.amazonaws.com/weblionmedia-spectr/img/gallery/6.jpg]
[s3.amazonaws.com/weblionmedia-spectr/img/230x168/9.jpg]
[spectr-html.weblionmedia.net/shortcodes.html]
[s3.amazonaws.com/weblionmedia-spectr/img/750x484/1.jpg]
[s3.amazonaws.com/weblionmedia-spectr/img/750x484/2.jpg]
[s3.amazonaws.com/weblionmedia-spectr/img/125x95/1.jpg]
[s3.amazonaws.com/weblionmedia-spectr/img/125x95/2.jpg]
[s3.amazonaws.com/weblionmedia-spectr/img/125x95/3.jpg]
[s3.amazonaws.com/weblionmedia-spectr/img/125x95/4.jpg]
[s3.amazonaws.com/weblionmedia-spectr/img/125x95/5.jpg]
[s3.amazonaws.com/weblionmedia-spectr/img/125x95/6.jpg]
[s3.amazonaws.com/weblionmedia-spectr/img/224x150/7.jpg]
[s3.amazonaws.com/weblionmedia-spectr/img/224x150/8.jpg]
[s3.amazonaws.com/weblionmedia-spectr/img/224x150/9.jpg]
[s3.amazonaws.com/weblionmedia-spectr/img/224x150/10.jpg]
[s3.amazonaws.com/weblionmedia-spectr/img/224x150/11.jpg]
[s3.amazonaws.com/weblionmedia-spectr/img/224x150/12.jpg]
[s3.amazonaws.com/weblionmedia-spectr/img/223x156/13.jpg]
[s3.amazonaws.com/weblionmedia-spectr/img/223x156/14.jpg]
[s3.amazonaws.com/weblionmedia-spectr/img/223x156/15.jpg]
[s3.amazonaws.com/weblionmedia-spectr/img/223x156/16.jpg]
[s3.amazonaws.com/weblionmedia-spectr/img/223x156/17.jpg]
[spectr-html.weblionmedia.net/video.html]
[s3.amazonaws.com/weblionmedia-spectr/img/1862x947/3.jpg]
[s3.amazonaws.com/weblionmedia-spectr/img/388x421/1.jpg]
[s3.amazonaws.com/weblionmedia-spectr/img/308x208/1.jpg]
[s3.amazonaws.com/weblionmedia-spectr/img/308x208/2.jpg]
[spectr-html.weblionmedia.net/review_percent_style.html]
[s3.amazonaws.com/weblionmedia-spectr/img/750x442/3.jpg]
[s3.amazonaws.com/weblionmedia-spectr/img/702x384/3.jpg]
[s3.amazonaws.com/weblionmedia-spectr/img/702x384/4.jpg]
[s3.amazonaws.com/weblionmedia-spectr/img/300x362/2.jpg]
[spectr-html.weblionmedia.net/reviews_point_style.html]
[s3.amazonaws.com/weblionmedia-spectr/img/1140x535/5.jpg]
[s3.amazonaws.com/weblionmedia-spectr/img/702x371/3.jpg]
[s3.amazonaws.com/weblionmedia-spectr/img/348x324/1.jpg]
[s3.amazonaws.com/weblionmedia-spectr/img/348x324/2.jpg]
[spectr-html.weblionmedia.net/reviews_stars_style.html]
[s3.amazonaws.com/weblionmedia-spectr/img/222x229/1.jpg]
[s3.amazonaws.com/weblionmedia-spectr/img/222x229/2.jpg]
[s3.amazonaws.com/weblionmedia-spectr/img/222x229/3.jpg]
[s3.amazonaws.com/weblionmedia-spectr/img/222x229/4.jpg]
[s3.amazonaws.com/weblionmedia-spectr/img/222x229/5.jpg]
[s3.amazonaws.com/weblionmedia-spectr/img/222x229/6.jpg]
[s3.amazonaws.com/weblionmedia-spectr/img/222x229/7.jpg]
[s3.amazonaws.com/weblionmedia-spectr/img/222x229/8.jpg]
[s3.amazonaws.com/weblionmedia-spectr/img/222x229/9.jpg]
[s3.amazonaws.com/weblionmedia-spectr/img/222x229/10.jpg]
[s3.amazonaws.com/weblionmedia-spectr/img/222x229/11.jpg]
[s3.amazonaws.com/weblionmedia-spectr/img/222x229/12.jpg]
[s3.amazonaws.com/weblionmedia-spectr/img/75x58/1.jpg]
[s3.amazonaws.com/weblionmedia-spectr/img/75x58/2.jpg]
[s3.amazonaws.com/weblionmedia-spectr/img/75x58/3.jpg]
[s3.amazonaws.com/weblionmedia-spectr/img/75x58/4.jpg]
[spectr-html.weblionmedia.net/products.html]
[s3.amazonaws.com/weblionmedia-spectr/img/339x322/1.jpg]
[s3.amazonaws.com/weblionmedia-spectr/img/134x134/1.png]
[spectr-html.weblionmedia.net/product.html]
[spectr-html.weblionmedia.net/cart.html]
[spectr-html.weblionmedia.net/checkout.html]
[spectr-html.weblionmedia.net/fonts/fontawesome-webfont93e3.html]
[spectr-html.weblionmedia.net/fonts/fontawesome-webfont93e3-2.html]
[spectr-html.weblionmedia.net/fonts/fontawesome-webfont93e3.svg]
[spectr-html.weblionmedia.net/fonts/fontellodfbc.html]
[spectr-html.weblionmedia.net/fonts/fontellodfbc.svg]
[spectr-html.weblionmedia.net/fonts/poppins/poppins-v1-latin-300.html]
[spectr-html.weblionmedia.net/fonts/poppins/poppins-v1-latin-301.html]
[spectr-html.weblionmedia.net/fonts/poppins/poppins-v1-latin-300.svg]
[spectr-html.weblionmedia.net/fonts/poppins/poppins-v1-latin-regular.html]
[spectr-html.weblionmedia.net/fonts/poppins/poppins-v1-latin-regular-2.html]
[spectr-html.weblionmedia.net/fonts/poppins/poppins-v1-latin-regular.svg]
[spectr-html.weblionmedia.net/fonts/poppins/poppins-v1-latin-500.html]
[spectr-html.weblionmedia.net/fonts/poppins/poppins-v1-latin-501.html]
[spectr-html.weblionmedia.net/fonts/poppins/poppins-v1-latin-500.svg]
[spectr-html.weblionmedia.net/fonts/poppins/poppins-v1-latin-600.html]
[spectr-html.weblionmedia.net/fonts/poppins/poppins-v1-latin-601.html]
[spectr-html.weblionmedia.net/fonts/poppins/poppins-v1-latin-600.svg]
[spectr-html.weblionmedia.net/fonts/poppins/poppins-v1-latin-700.html]
[spectr-html.weblionmedia.net/fonts/poppins/poppins-v1-latin-701.html]
[spectr-html.weblionmedia.net/fonts/poppins/poppins-v1-latin-700.svg]
[spectr-html.weblionmedia.net/img/map-marker-1.svg]
[spectr-html.weblionmedia.net/vendor/ajaxform/jquery.form.html]
[s3.amazonaws.com/weblionmedia-spectr/img/285x224/3.jpg]
